<?xml version="1.0" encoding="UTF-8"?>
<testng-results skipped="0" failed="0" total="1" passed="1">
  <reporter-output>
  </reporter-output>
  <suite name="Default suite" duration-ms="39746" started-at="2022-06-03T16:00:34Z" finished-at="2022-06-03T16:01:14Z">
    <groups>
    </groups>
    <test name="Default test" duration-ms="39746" started-at="2022-06-03T16:00:34Z" finished-at="2022-06-03T16:01:14Z">
      <class name="AppiumPJ.AppiumProject.Script6">
        <test-method status="PASS" signature="LaunchBrowser()[pri:0, instance:AppiumPJ.AppiumProject.Script6@69ea3742]" name="LaunchBrowser" is-config="true" duration-ms="15363" started-at="2022-06-03T21:30:34Z" finished-at="2022-06-03T21:30:50Z">
          <reporter-output>
          </reporter-output>
        </test-method> <!-- LaunchBrowser -->
        <test-method status="PASS" signature="KhanAcademy_Explore_Economy()[pri:0, instance:AppiumPJ.AppiumProject.Script6@69ea3742]" name="KhanAcademy_Explore_Economy" duration-ms="23745" started-at="2022-06-03T21:30:50Z" finished-at="2022-06-03T21:31:13Z">
          <reporter-output>
          </reporter-output>
        </test-method> <!-- KhanAcademy_Explore_Economy -->
        <test-method status="PASS" signature="CloseBrowser()[pri:0, instance:AppiumPJ.AppiumProject.Script6@69ea3742]" name="CloseBrowser" is-config="true" duration-ms="620" started-at="2022-06-03T21:31:13Z" finished-at="2022-06-03T21:31:14Z">
          <reporter-output>
          </reporter-output>
        </test-method> <!-- CloseBrowser -->
      </class> <!-- AppiumPJ.AppiumProject.Script6 -->
    </test> <!-- Default test -->
  </suite> <!-- Default suite -->
</testng-results>
